0 info it worked if it ends with ok
1 verbose cli [ '/home/gwolff/.nvm/versions/node/v6.10.3/bin/node',
1 verbose cli   '/home/gwolff/.nvm/versions/node/v6.10.3/bin/npm',
1 verbose cli   'run',
1 verbose cli   'dev' ]
2 info using npm@3.10.10
3 info using node@v6.10.3
4 verbose run-script [ 'predev', 'dev', 'postdev' ]
5 info lifecycle finite-automata-sandbox@0.0.1~predev: finite-automata-sandbox@0.0.1
6 silly lifecycle finite-automata-sandbox@0.0.1~predev: no script for predev, continuing
7 info lifecycle finite-automata-sandbox@0.0.1~dev: finite-automata-sandbox@0.0.1
8 verbose lifecycle finite-automata-sandbox@0.0.1~dev: unsafe-perm in lifecycle true
9 verbose lifecycle finite-automata-sandbox@0.0.1~dev: PATH: /home/gwolff/.nvm/versions/node/v6.10.3/lib/node_modules/npm/bin/node-gyp-bin:/home/gwolff/Documents/web-dev/finite-automata-sandbox/node_modules/.bin:/home/gwolff/.nvm/versions/node/v6.10.3/bin:/home/gwolff/bin:/home/gwolff/.local/bin:/usr/local/sbin:/usr/local/bin:/usr/sbin:/usr/bin:/sbin:/bin:/usr/games:/usr/local/games:/snap/bin:/opt/android-studio/bin:/opt/android-studio/gradle/gradle-3.2/:/home/gwolff/Android/Sdk/platform-tools:/home/gwolff/Android/Sdk/tools
10 verbose lifecycle finite-automata-sandbox@0.0.1~dev: CWD: /home/gwolff/Documents/web-dev/finite-automata-sandbox
11 silly lifecycle finite-automata-sandbox@0.0.1~dev: Args: [ '-c', 'webpack -d --watch' ]
12 silly lifecycle finite-automata-sandbox@0.0.1~dev: Returned: code: 1  signal: null
13 info lifecycle finite-automata-sandbox@0.0.1~dev: Failed to exec dev script
14 verbose stack Error: finite-automata-sandbox@0.0.1 dev: `webpack -d --watch`
14 verbose stack Exit status 1
14 verbose stack     at EventEmitter.<anonymous> (/home/gwolff/.nvm/versions/node/v6.10.3/lib/node_modules/npm/lib/utils/lifecycle.js:255:16)
14 verbose stack     at emitTwo (events.js:106:13)
14 verbose stack     at EventEmitter.emit (events.js:191:7)
14 verbose stack     at ChildProcess.<anonymous> (/home/gwolff/.nvm/versions/node/v6.10.3/lib/node_modules/npm/lib/utils/spawn.js:40:14)
14 verbose stack     at emitTwo (events.js:106:13)
14 verbose stack     at ChildProcess.emit (events.js:191:7)
14 verbose stack     at maybeClose (internal/child_process.js:886:16)
14 verbose stack     at Process.ChildProcess._handle.onexit (internal/child_process.js:226:5)
15 verbose pkgid finite-automata-sandbox@0.0.1
16 verbose cwd /home/gwolff/Documents/web-dev/finite-automata-sandbox
17 error Linux 4.8.0-52-generic
18 error argv "/home/gwolff/.nvm/versions/node/v6.10.3/bin/node" "/home/gwolff/.nvm/versions/node/v6.10.3/bin/npm" "run" "dev"
19 error node v6.10.3
20 error npm  v3.10.10
21 error code ELIFECYCLE
22 error finite-automata-sandbox@0.0.1 dev: `webpack -d --watch`
22 error Exit status 1
23 error Failed at the finite-automata-sandbox@0.0.1 dev script 'webpack -d --watch'.
23 error Make sure you have the latest version of node.js and npm installed.
23 error If you do, this is most likely a problem with the finite-automata-sandbox package,
23 error not with npm itself.
23 error Tell the author that this fails on your system:
23 error     webpack -d --watch
23 error You can get information on how to open an issue for this project with:
23 error     npm bugs finite-automata-sandbox
23 error Or if that isn't available, you can get their info via:
23 error     npm owner ls finite-automata-sandbox
23 error There is likely additional logging output above.
24 verbose exit [ 1, true ]
